[2024-02-17 18:20:07] [INFO   ]  Custom Logger Initialized 
[2024-02-17 18:20:07] [INFO   ] [NOTICE] TerraformGenerator will suppress the server's watchdog while generating chunks to prevent unnecessary stacktrace warnings. Unless you specifically need thewatchdog now (to take aikar timings or debug lag), you don't need to take any action. 
[2024-02-17 18:20:07] [INFO   ] It is recommended to pregenerate to reduce lag problems. 
[2024-02-17 18:20:07] [INFO   ] Watchdog Thread hooked. 
[2024-02-17 18:20:07] [INFO   ]  bStats Metrics enabled. 
[2024-02-17 18:20:07] [INFO   ]  Detected version: v1_20_R3, number: 20.3 
[2024-02-17 18:20:07] [INFO   ] Unfreezing biome registry... 
[2024-02-17 18:20:07] [INFO   ] Registered custom biome: muddy_bog 
[2024-02-17 18:20:07] [INFO   ] Registered custom biome: cherry_grove 
[2024-02-17 18:20:07] [INFO   ] Registered custom biome: scarlet_forest 
[2024-02-17 18:20:07] [INFO   ] Registered custom biome: crystalline_cluster 
[2024-02-17 18:20:07] [INFO   ] Freezing biome registry 
[2024-02-17 18:20:07] [INFO   ] [Structure Registry] Registered Large Structure: VillageHousePopulator 
[2024-02-17 18:20:07] [INFO   ] [Structure Registry] Registered Large Structure: VillagePopulator 
[2024-02-17 18:20:07] [INFO   ] [Structure Registry] Registered Large Structure: OutpostPopulator 
[2024-02-17 18:20:07] [INFO   ] [Structure Registry] Registered Large Structure: PyramidPopulator 
[2024-02-17 18:20:07] [INFO   ] [Structure Registry] Registered Large Structure: MonumentPopulator 
[2024-02-17 18:20:07] [INFO   ] [Structure Registry] Registered Large Structure: StrongholdPopulator 
[2024-02-17 18:20:07] [INFO   ] [Structure Registry] Registered Large Structure: MansionPopulator 
[2024-02-17 18:20:07] [INFO   ] [Structure Registry] Registered Large Structure: AncientCityPopulator 
[2024-02-17 18:20:07] [INFO   ] [Structure Registry] Registered Large Structure: LargeCavePopulator 
[2024-02-17 18:20:07] [INFO   ] [Structure Registry] Registered Large Structure: MineshaftPopulator 
[2024-02-17 18:20:07] [INFO   ] [Structure Registry] Registered Large Structure: CatacombsPopulator 
[2024-02-17 18:20:07] [INFO   ] [Structure Registry] Registered Large Structure: BadlandsMinePopulator 
[2024-02-17 18:20:07] [INFO   ] [Structure Registry] Registered Large Structure: WarmOceanRuinsPopulator 
[2024-02-17 18:20:07] [INFO   ] [Structure Registry] Registered Large Structure: TrailRuinsPopulator 
[2024-02-17 18:20:07] [INFO   ] [Structure Registry] Registered Small Structure: SmallDungeonPopulator 
[2024-02-17 18:20:07] [INFO   ] [Structure Registry] Registered Small Structure: ShipwreckPopulator 
[2024-02-17 18:20:07] [INFO   ] [Structure Registry] Registered Small Structure: BuriedTreasurePopulator 
[2024-02-17 18:20:07] [INFO   ] [Structure Registry] Registered Small Structure: RuinedPortalPopulator 
[2024-02-17 18:20:07] [INFO   ] [Structure Registry] Registered Small Structure: IglooPopulator 
[2024-02-17 18:20:07] [INFO   ] [Structure Registry] Registered Small Structure: DesertWellPopulator 
[2024-02-17 18:20:07] [INFO   ] [Structure Registry] Registered Small Structure: WitchHutPopulator 
[2024-02-17 18:22:21] [INFO   ]  Custom Logger Initialized 
[2024-02-17 18:22:21] [INFO   ] [NOTICE] TerraformGenerator will suppress the server's watchdog while generating chunks to prevent unnecessary stacktrace warnings. Unless you specifically need thewatchdog now (to take aikar timings or debug lag), you don't need to take any action. 
[2024-02-17 18:22:21] [INFO   ] It is recommended to pregenerate to reduce lag problems. 
[2024-02-17 18:22:21] [INFO   ] Watchdog Thread hooked. 
[2024-02-17 18:22:21] [INFO   ]  bStats Metrics enabled. 
[2024-02-17 18:22:21] [INFO   ]  Detected version: v1_20_R3, number: 20.3 
[2024-02-17 18:22:21] [INFO   ] Unfreezing biome registry... 
[2024-02-17 18:22:21] [INFO   ] ResourceKey[minecraft:worldgen/biome / terraformgenerator:muddy_bog] was already registered. Was there a plugin/server reload? 
[2024-02-17 18:22:21] [INFO   ] Registered custom biome: muddy_bog 
[2024-02-17 18:22:21] [INFO   ] ResourceKey[minecraft:worldgen/biome / terraformgenerator:cherry_grove] was already registered. Was there a plugin/server reload? 
[2024-02-17 18:22:21] [INFO   ] Registered custom biome: cherry_grove 
[2024-02-17 18:22:21] [INFO   ] ResourceKey[minecraft:worldgen/biome / terraformgenerator:scarlet_forest] was already registered. Was there a plugin/server reload? 
[2024-02-17 18:22:21] [INFO   ] Registered custom biome: scarlet_forest 
[2024-02-17 18:22:21] [INFO   ] ResourceKey[minecraft:worldgen/biome / terraformgenerator:crystalline_cluster] was already registered. Was there a plugin/server reload? 
[2024-02-17 18:22:21] [INFO   ] Registered custom biome: crystalline_cluster 
[2024-02-17 18:22:21] [INFO   ] Freezing biome registry 
[2024-02-17 18:22:21] [INFO   ] [Structure Registry] Registered Large Structure: VillageHousePopulator 
[2024-02-17 18:22:21] [INFO   ] [Structure Registry] Registered Large Structure: VillagePopulator 
[2024-02-17 18:22:21] [INFO   ] [Structure Registry] Registered Large Structure: OutpostPopulator 
[2024-02-17 18:22:21] [INFO   ] [Structure Registry] Registered Large Structure: PyramidPopulator 
[2024-02-17 18:22:21] [INFO   ] [Structure Registry] Registered Large Structure: MonumentPopulator 
[2024-02-17 18:22:21] [INFO   ] [Structure Registry] Registered Large Structure: StrongholdPopulator 
[2024-02-17 18:22:21] [INFO   ] [Structure Registry] Registered Large Structure: MansionPopulator 
[2024-02-17 18:22:21] [INFO   ] [Structure Registry] Registered Large Structure: AncientCityPopulator 
[2024-02-17 18:22:21] [INFO   ] [Structure Registry] Registered Large Structure: LargeCavePopulator 
[2024-02-17 18:22:21] [INFO   ] [Structure Registry] Registered Large Structure: MineshaftPopulator 
[2024-02-17 18:22:21] [INFO   ] [Structure Registry] Registered Large Structure: CatacombsPopulator 
[2024-02-17 18:22:21] [INFO   ] [Structure Registry] Registered Large Structure: BadlandsMinePopulator 
[2024-02-17 18:22:21] [INFO   ] [Structure Registry] Registered Large Structure: WarmOceanRuinsPopulator 
[2024-02-17 18:22:21] [INFO   ] [Structure Registry] Registered Large Structure: TrailRuinsPopulator 
[2024-02-17 18:22:21] [INFO   ] [Structure Registry] Registered Small Structure: SmallDungeonPopulator 
[2024-02-17 18:22:21] [INFO   ] [Structure Registry] Registered Small Structure: ShipwreckPopulator 
[2024-02-17 18:22:21] [INFO   ] [Structure Registry] Registered Small Structure: BuriedTreasurePopulator 
[2024-02-17 18:22:21] [INFO   ] [Structure Registry] Registered Small Structure: RuinedPortalPopulator 
[2024-02-17 18:22:21] [INFO   ] [Structure Registry] Registered Small Structure: IglooPopulator 
[2024-02-17 18:22:21] [INFO   ] [Structure Registry] Registered Small Structure: DesertWellPopulator 
[2024-02-17 18:22:21] [INFO   ] [Structure Registry] Registered Small Structure: WitchHutPopulator 
[2024-02-17 18:30:35] [INFO   ]  Custom Logger Initialized 
[2024-02-17 18:30:35] [INFO   ] [NOTICE] TerraformGenerator will suppress the server's watchdog while generating chunks to prevent unnecessary stacktrace warnings. Unless you specifically need thewatchdog now (to take aikar timings or debug lag), you don't need to take any action. 
[2024-02-17 18:30:35] [INFO   ] It is recommended to pregenerate to reduce lag problems. 
[2024-02-17 18:30:35] [INFO   ] Watchdog Thread hooked. 
[2024-02-17 18:30:35] [INFO   ]  bStats Metrics enabled. 
[2024-02-17 18:30:35] [INFO   ]  Detected version: v1_20_R3, number: 20.3 
[2024-02-17 18:30:35] [INFO   ] Unfreezing biome registry... 
[2024-02-17 18:30:35] [INFO   ] Registered custom biome: muddy_bog 
[2024-02-17 18:30:35] [INFO   ] Registered custom biome: cherry_grove 
[2024-02-17 18:30:35] [INFO   ] Registered custom biome: scarlet_forest 
[2024-02-17 18:30:35] [INFO   ] Registered custom biome: crystalline_cluster 
[2024-02-17 18:30:35] [INFO   ] Freezing biome registry 
[2024-02-17 18:30:35] [INFO   ] [Structure Registry] Registered Large Structure: VillageHousePopulator 
[2024-02-17 18:30:35] [INFO   ] [Structure Registry] Registered Large Structure: VillagePopulator 
[2024-02-17 18:30:35] [INFO   ] [Structure Registry] Registered Large Structure: OutpostPopulator 
[2024-02-17 18:30:35] [INFO   ] [Structure Registry] Registered Large Structure: PyramidPopulator 
[2024-02-17 18:30:35] [INFO   ] [Structure Registry] Registered Large Structure: MonumentPopulator 
[2024-02-17 18:30:35] [INFO   ] [Structure Registry] Registered Large Structure: StrongholdPopulator 
[2024-02-17 18:30:35] [INFO   ] [Structure Registry] Registered Large Structure: MansionPopulator 
[2024-02-17 18:30:35] [INFO   ] [Structure Registry] Registered Large Structure: AncientCityPopulator 
[2024-02-17 18:30:35] [INFO   ] [Structure Registry] Registered Large Structure: LargeCavePopulator 
[2024-02-17 18:30:35] [INFO   ] [Structure Registry] Registered Large Structure: MineshaftPopulator 
[2024-02-17 18:30:35] [INFO   ] [Structure Registry] Registered Large Structure: CatacombsPopulator 
[2024-02-17 18:30:35] [INFO   ] [Structure Registry] Registered Large Structure: BadlandsMinePopulator 
[2024-02-17 18:30:35] [INFO   ] [Structure Registry] Registered Large Structure: WarmOceanRuinsPopulator 
[2024-02-17 18:30:35] [INFO   ] [Structure Registry] Registered Large Structure: TrailRuinsPopulator 
[2024-02-17 18:30:35] [INFO   ] [Structure Registry] Registered Small Structure: SmallDungeonPopulator 
[2024-02-17 18:30:35] [INFO   ] [Structure Registry] Registered Small Structure: ShipwreckPopulator 
[2024-02-17 18:30:35] [INFO   ] [Structure Registry] Registered Small Structure: BuriedTreasurePopulator 
[2024-02-17 18:30:35] [INFO   ] [Structure Registry] Registered Small Structure: RuinedPortalPopulator 
[2024-02-17 18:30:35] [INFO   ] [Structure Registry] Registered Small Structure: IglooPopulator 
[2024-02-17 18:30:35] [INFO   ] [Structure Registry] Registered Small Structure: DesertWellPopulator 
[2024-02-17 18:30:35] [INFO   ] [Structure Registry] Registered Small Structure: WitchHutPopulator 
[2024-02-17 18:30:35] [INFO   ]  Detected world: megaworld, commencing injection...  
[2024-02-17 18:30:35] [INFO   ] NMSChunkGenerator Delegate is of type CustomChunkGenerator 
[2024-02-17 18:30:35] [INFO   ] Java 14+ detected. 
[2024-02-17 18:30:35] [INFO   ]  Injection success! Proceeding with generation. 
[2024-02-17 18:30:41] [INFO   ] Will spawn stronghold at: -483, 1322 
[2024-02-17 18:30:41] [INFO   ] Spawning MossyCavePopulator at 0,3,0 
[2024-02-17 18:30:41] [INFO   ] Spawning DeepCavePopulator at 0,-41,0 
[2024-02-17 18:30:41] [INFO   ] Registered: org.terraform.structure.mineshaft.CaveSpiderDenPopulator at 270 -8 345 in a room of size 15x13 
[2024-02-17 18:30:41] [INFO   ] Registered: org.terraform.structure.mineshaft.CaveSpiderDenPopulator at 388 -8 388 in a room of size 13x14 
[2024-02-17 18:30:41] [INFO   ] Registered: org.terraform.structure.mineshaft.CaveSpiderDenPopulator at 372 -8 289 in a room of size 14x13 
[2024-02-17 18:30:41] [INFO   ] Registered: org.terraform.structure.mineshaft.SmeltingHallPopulator at 342 -8 323 in a room of size 13x13 
[2024-02-17 18:30:41] [INFO   ] Registered: org.terraform.structure.mineshaft.CaveSpiderDenPopulator at 392 -8 343 in a room of size 14x14 
[2024-02-17 18:30:41] [INFO   ] Registered: org.terraform.structure.mineshaft.SmeltingHallPopulator at 271 -8 270 in a room of size 14x15 
[2024-02-17 18:30:41] [INFO   ] Registered: org.terraform.structure.mineshaft.SmeltingHallPopulator at 280 -8 363 in a room of size 13x15 
[2024-02-17 18:30:41] [INFO   ] Registered: org.terraform.structure.mineshaft.CaveSpiderDenPopulator at 328 -8 250 in a room of size 14x15 
[2024-02-17 18:30:41] [INFO   ] Registered: org.terraform.structure.mineshaft.CaveSpiderDenPopulator at 370 -8 258 in a room of size 15x14 
[2024-02-17 18:30:41] [INFO   ] Registered: org.terraform.structure.mineshaft.CaveSpiderDenPopulator at 261 -8 361 in a room of size 15x14 
[2024-02-17 18:30:41] [INFO   ] Calculated structure at 0,0 
[2024-02-17 18:30:41] [INFO   ] Spawning LushClusterCavePopulator at -1,37,22 
[2024-02-17 18:30:42] [INFO   ] Spawning CaveFluidClusterPopulator at 46,31,45 
[2024-02-17 18:30:42] [INFO   ] Spawning FrozenCavePopulator at -32,31,35 
[2024-02-17 18:30:42] [INFO   ] Spawning CrystallineClusterCavePopulator at -31,-29,9 
[2024-02-17 18:30:42] [INFO   ] Spawning DripstoneClusterCavePopulator at -18,-8,50 
[2024-02-17 18:30:54] [INFO   ]  megaworld loaded. 
[2024-02-17 18:31:34] [INFO   ] Generating org.terraform.structure.caves.LargeCavePopulator at chunk: -12,-12 
[2024-02-17 18:31:34] [INFO   ] Generating Large Mushroom Cave at -192,31,-192 
[2024-02-17 18:31:35] [INFO   ] Generating org.terraform.structure.small.buriedtreasure.BuriedTreasurePopulator at chunk: -16,-14 
[2024-02-17 18:32:08] [INFO   ] Minecart with chest at: 379, -8, 270 
[2024-02-17 18:32:10] [INFO   ] Registered: org.terraform.structure.mineshaft.CaveSpiderDenPopulator at 778 19 299 in a room of size 15x14 
[2024-02-17 18:32:10] [INFO   ] Registered: org.terraform.structure.mineshaft.SmeltingHallPopulator at 857 19 374 in a room of size 13x15 
[2024-02-17 18:32:10] [INFO   ] Registered: org.terraform.structure.mineshaft.CaveSpiderDenPopulator at 895 19 260 in a room of size 14x13 
[2024-02-17 18:32:10] [INFO   ] Registered: org.terraform.structure.mineshaft.CaveSpiderDenPopulator at 896 19 247 in a room of size 15x13 
[2024-02-17 18:32:10] [INFO   ] Registered: org.terraform.structure.mineshaft.SmeltingHallPopulator at 829 19 365 in a room of size 15x14 
[2024-02-17 18:32:10] [INFO   ] Registered: org.terraform.structure.mineshaft.SmeltingHallPopulator at 807 19 279 in a room of size 14x15 
[2024-02-17 18:32:10] [INFO   ] Registered: org.terraform.structure.mineshaft.SmeltingHallPopulator at 776 19 370 in a room of size 15x14 
[2024-02-17 18:32:10] [INFO   ] Registered: org.terraform.structure.mineshaft.CaveSpiderDenPopulator at 842 19 341 in a room of size 15x13 
[2024-02-17 18:32:10] [INFO   ] Calculated structure at 32,10 
[2024-02-17 18:32:10] [INFO   ] Generating org.terraform.structure.mineshaft.MineshaftPopulator at chunk: 20,20 
[2024-02-17 18:32:12] [INFO   ] Generating org.terraform.structure.small.buriedtreasure.BuriedTreasurePopulator at chunk: 37,16 
[2024-02-17 18:32:15] [INFO   ] Registered: org.terraform.structure.mineshaft.ShaftRoomPopulator at 885 -1 -164 in a room of size 13x14 
[2024-02-17 18:32:15] [INFO   ] Registered: org.terraform.structure.mineshaft.CaveSpiderDenPopulator at 828 -1 -131 in a room of size 14x13 
[2024-02-17 18:32:15] [INFO   ] Registered: org.terraform.structure.mineshaft.CaveSpiderDenPopulator at 786 -1 -145 in a room of size 15x14 
[2024-02-17 18:32:15] [INFO   ] Registered: org.terraform.structure.mineshaft.CaveSpiderDenPopulator at 797 -1 -199 in a room of size 13x13 
[2024-02-17 18:32:15] [INFO   ] Registered: org.terraform.structure.mineshaft.ShaftRoomPopulator at 885 -1 -181 in a room of size 15x15 
[2024-02-17 18:32:15] [INFO   ] Registered: org.terraform.structure.mineshaft.ShaftRoomPopulator at 763 -1 -167 in a room of size 15x15 
[2024-02-17 18:32:15] [INFO   ] Registered: org.terraform.structure.mineshaft.SmeltingHallPopulator at 801 -1 -253 in a room of size 14x15 
[2024-02-17 18:32:15] [INFO   ] Registered: org.terraform.structure.mineshaft.ShaftRoomPopulator at 827 -1 -155 in a room of size 13x15 
[2024-02-17 18:32:15] [INFO   ] Registered: org.terraform.structure.mineshaft.CaveSpiderDenPopulator at 796 14 -257 in a room of size 14x14 
[2024-02-17 18:32:15] [INFO   ] Registered: org.terraform.structure.mineshaft.CaveSpiderDenPopulator at 864 14 -126 in a room of size 13x14 
[2024-02-17 18:32:15] [INFO   ] Registered: org.terraform.structure.mineshaft.ShaftTopPopulator at 885 14 -181 in a room of size 15x7 
[2024-02-17 18:32:15] [INFO   ] Registered: org.terraform.structure.mineshaft.ShaftTopPopulator at 885 14 -164 in a room of size 13x5 
[2024-02-17 18:32:15] [INFO   ] Registered: org.terraform.structure.mineshaft.CaveSpiderDenPopulator at 829 14 -139 in a room of size 14x15 
[2024-02-17 18:32:15] [INFO   ] Registered: org.terraform.structure.mineshaft.SmeltingHallPopulator at 906 14 -250 in a room of size 13x15 
[2024-02-17 18:32:15] [INFO   ] Registered: org.terraform.structure.mineshaft.CaveSpiderDenPopulator at 762 14 -139 in a room of size 13x14 
[2024-02-17 18:32:15] [INFO   ] Registered: org.terraform.structure.mineshaft.SmeltingHallPopulator at 788 14 -165 in a room of size 14x14 
[2024-02-17 18:32:15] [INFO   ] Registered: org.terraform.structure.mineshaft.ShaftTopPopulator at 763 14 -167 in a room of size 15x5 
[2024-02-17 18:32:15] [INFO   ] Registered: org.terraform.structure.mineshaft.ShaftTopPopulator at 827 14 -155 in a room of size 13x5 
[2024-02-17 18:32:15] [INFO   ] Registered: org.terraform.structure.mineshaft.SmeltingHallPopulator at 899 14 -236 in a room of size 15x14 
[2024-02-17 18:32:15] [INFO   ] Registered: org.terraform.structure.mineshaft.CaveSpiderDenPopulator at 800 14 -178 in a room of size 13x13 
[2024-02-17 18:32:15] [INFO   ] Calculated structure at 32,-1 
[2024-02-17 18:32:19] [INFO   ] Generating org.terraform.structure.caves.LargeCavePopulator at chunk: 20,-12 
[2024-02-17 18:32:19] [INFO   ] Generating Large Lush Cave at 320,30,-192 
[2024-02-17 18:32:22] [INFO   ] Generating org.terraform.structure.small.ruinedportal.RuinedPortalPopulator at chunk: 23,-18 
[2024-02-17 18:32:35] [INFO   ] Generating org.terraform.structure.small.WitchHutPopulator at chunk: -17,-6 
[2024-02-17 18:32:35] [INFO   ] Spawning Swamp Hut at -272,64,-93 
[2024-02-17 18:32:37] [INFO   ] Generating org.terraform.structure.small.dungeon.SmallDungeonPopulator at chunk: -20,-19 
[2024-02-17 18:32:37] [INFO   ] Spawning Underground Dungeon at -312,10,-294 
[2024-02-17 18:32:44] [INFO   ] Generating org.terraform.structure.small.dungeon.SmallDungeonPopulator at chunk: -26,-21 
[2024-02-17 18:32:44] [INFO   ] Spawning Underground Dungeon at -414,41,-329 
[2024-02-17 18:33:04] [INFO   ] Generating org.terraform.structure.small.buriedtreasure.BuriedTreasurePopulator at chunk: -21,11 
[2024-02-17 18:33:11] [INFO   ] Generating org.terraform.structure.small.dungeon.SmallDungeonPopulator at chunk: -8,14 
[2024-02-17 18:33:11] [INFO   ] Spawning Underground Dungeon at -118,50,229 
[2024-02-17 18:33:14] [INFO   ] Generating org.terraform.structure.pillager.outpost.OutpostPopulator at chunk: -12,20 
[2024-02-17 18:33:14] [INFO   ] Spawning outpost at -192,70,320 
[2024-02-17 18:33:15] [INFO   ] Registered: org.terraform.structure.pillager.outpost.OutpostStakeCage at -202 70 336 in a room of size 12x12 
[2024-02-17 18:33:15] [INFO   ] Registered: org.terraform.structure.pillager.outpost.OutpostTent at -208 70 321 in a room of size 12x12 
[2024-02-17 18:33:15] [INFO   ] Registered: org.terraform.structure.pillager.outpost.OutpostCampfire at -177 70 303 in a room of size 12x12 
[2024-02-17 18:33:15] [INFO   ] Registered: org.terraform.structure.pillager.outpost.OutpostTent at -189 70 304 in a room of size 12x12 
[2024-02-17 18:33:15] [INFO   ] Registered: org.terraform.structure.pillager.outpost.OutpostTent at -175 70 335 in a room of size 12x12 
[2024-02-17 18:33:15] [INFO   ] Registered: org.terraform.structure.pillager.outpost.OutpostLogpile at -175 70 323 in a room of size 12x12 
[2024-02-17 18:33:15] [INFO   ] Registered: org.terraform.structure.pillager.outpost.OutpostTent at -209 70 308 in a room of size 12x12 
[2024-02-17 18:33:20] [INFO   ] Minecart with chest at: 270, -8, 356 
[2024-02-17 18:33:21] [INFO   ] Generating org.terraform.structure.small.DesertWellPopulator at chunk: 7,26 
[2024-02-17 18:33:21] [INFO   ] Spawning Desert Well at 124,65,420 
[2024-02-17 18:33:36] [INFO   ] Generating org.terraform.structure.small.DesertWellPopulator at chunk: -8,44 
[2024-02-17 18:33:36] [INFO   ] Spawning Desert Well at -126,67,704 
[2024-02-17 18:33:37] [INFO   ] Generating org.terraform.structure.small.dungeon.SmallDungeonPopulator at chunk: 5,47 
[2024-02-17 18:33:37] [INFO   ] Spawning Underground Dungeon at 87,17,752 
[2024-02-17 18:33:45] [INFO   ] Generating org.terraform.structure.small.ruinedportal.RuinedPortalPopulator at chunk: 10,58 
[2024-02-17 18:33:48] [INFO   ] Generating org.terraform.structure.pyramid.PyramidPopulator at chunk: 20,52 
[2024-02-17 18:33:48] [INFO   ] Spawning Pyramid at: 320,832 
[2024-02-17 18:33:48] [INFO   ] Generating org.terraform.structure.small.buriedtreasure.BuriedTreasurePopulator at chunk: 21,43 
[2024-02-17 18:33:50] [INFO   ] Registered: org.terraform.structure.pyramid.CursedChamber at 325 47 860 in a room of size 14x10 
[2024-02-17 18:33:50] [INFO   ] Registered: org.terraform.structure.pyramid.CryptRoom at 338 47 852 in a room of size 11x15 
[2024-02-17 18:33:50] [INFO   ] Registered: org.terraform.structure.pyramid.TrapChestChamberPopulator at 293 47 829 in a room of size 10x15 
[2024-02-17 18:33:50] [INFO   ] Registered: org.terraform.structure.pyramid.CryptRoom at 307 47 803 in a room of size 13x11 
[2024-02-17 18:33:50] [INFO   ] Registered: org.terraform.structure.pyramid.TrapChestChamberPopulator at 304 47 865 in a room of size 15x10 
[2024-02-17 18:33:50] [INFO   ] Registered: org.terraform.structure.pyramid.TrapChestChamberPopulator at 308 47 831 in a room of size 12x12 
[2024-02-17 18:33:50] [INFO   ] Registered: org.terraform.structure.pyramid.PyramidStairwayRoomPopulator at 332 47 808 in a room of size 5x5 
[2024-02-17 18:33:50] [INFO   ] Registered: org.terraform.structure.pyramid.HuskTombPopulator at 343 47 865 in a room of size 10x10 
[2024-02-17 18:33:50] [INFO   ] Registered: org.terraform.structure.pyramid.CursedChamber at 288 47 845 in a room of size 13x15 
[2024-02-17 18:33:50] [INFO   ] Registered: org.terraform.structure.pyramid.CursedChamber at 351 47 830 in a room of size 14x10 
[2024-02-17 18:33:50] [INFO   ] Registered: org.terraform.structure.pyramid.TrapChestChamberPopulator at 355 47 866 in a room of size 10x15 
[2024-02-17 18:33:50] [INFO   ] Registered: org.terraform.structure.pyramid.CursedChamber at 338 47 819 in a room of size 14x13 
[2024-02-17 18:33:50] [INFO   ] Registered: org.terraform.structure.pyramid.PyramidStairwayRoomPopulator at 320 47 828 in a room of size 5x5 
[2024-02-17 18:33:50] [INFO   ] Registered: org.terraform.structure.pyramid.MainEntrancePopulator at 320 47 872 in a room of size 9x9 
[2024-02-17 18:33:50] [INFO   ] Registered: org.terraform.structure.pyramid.CryptRoom at 351 47 843 in a room of size 14x14 
[2024-02-17 18:33:50] [INFO   ] Registered: org.terraform.structure.pyramid.SilverfishNestPopulator at 295 47 797 in a room of size 10x10 
[2024-02-17 18:33:50] [INFO   ] Registered: org.terraform.structure.pyramid.TrapChestChamberPopulator at 308 47 852 in a room of size 13x11 
[2024-02-17 18:33:50] [INFO   ] Registered: org.terraform.structure.pyramid.CryptRoom at 306 47 819 in a room of size 11x12 
[2024-02-17 18:33:50] [INFO   ] Registered: org.terraform.structure.pyramid.CursedChamber at 324 47 817 in a room of size 10x14 
[2024-02-17 18:33:50] [INFO   ] Registered: org.terraform.structure.pyramid.TrapChestChamberPopulator at 340 47 805 in a room of size 10x15 
[2024-02-17 18:33:50] [INFO   ] Registered: org.terraform.structure.pyramid.CursedChamber at 285 47 807 in a room of size 10x12 
[2024-02-17 18:33:50] [INFO   ] Registered: org.terraform.structure.pyramid.PyramidStairwayRoomPopulator at 300 47 834 in a room of size 5x5 
[2024-02-17 18:33:50] [INFO   ] Registered: org.terraform.structure.pyramid.CursedChamber at 321 47 847 in a room of size 12x10 
[2024-02-17 18:33:50] [INFO   ] Registered: org.terraform.structure.pyramid.GuardianChamberPopulator at 320 47 798 in a room of size 10x10 
[2024-02-17 18:33:50] [INFO   ] Registered: org.terraform.structure.pyramid.TrapChestChamberPopulator at 329 47 837 in a room of size 13x11 
[2024-02-17 18:33:50] [INFO   ] Registered: org.terraform.structure.pyramid.TrapChestChamberPopulator at 350 47 819 in a room of size 10x13 
[2024-02-17 18:33:50] [INFO   ] Registered: org.terraform.structure.pyramid.CursedChamber at 288 47 867 in a room of size 15x15 
[2024-02-17 18:33:50] [INFO   ] Registered: org.terraform.structure.pyramid.PyramidStairwayRoomPopulator at 339 47 832 in a room of size 5x5 
[2024-02-17 18:33:50] [INFO   ] Registered: org.terraform.structure.pyramid.CursedChamber at 309 47 842 in a room of size 13x10 
[2024-02-17 18:33:50] [INFO   ] Registered: org.terraform.structure.pyramid.CryptRoom at 354 47 806 in a room of size 13x12 
[2024-02-17 18:33:51] [INFO   ] Registered: org.terraform.structure.pyramid.HuskTombPopulator at 298 55 819 in a room of size 7x11 
[2024-02-17 18:33:51] [INFO   ] Registered: org.terraform.structure.pyramid.MazeLevelMonsterRoom at 349 55 837 in a room of size 6x6 
[2024-02-17 18:33:51] [INFO   ] Registered: org.terraform.structure.pyramid.MazeLevelMonsterRoom at 291 55 823 in a room of size 5x6 
[2024-02-17 18:33:51] [INFO   ] Registered: org.terraform.structure.pyramid.PyramidStairwayTopPopulator at 339 55 832 in a room of size 5x5 
[2024-02-17 18:33:51] [INFO   ] Registered: org.terraform.structure.pyramid.MazeLevelMonsterRoom at 324 55 833 in a room of size 6x6 
[2024-02-17 18:33:51] [INFO   ] Registered: org.terraform.structure.pyramid.MazeLevelMonsterRoom at 349 55 830 in a room of size 5x5 
[2024-02-17 18:33:51] [INFO   ] Registered: org.terraform.structure.pyramid.MazeLevelMonsterRoom at 343 55 822 in a room of size 5x5 
[2024-02-17 18:33:51] [INFO   ] Registered: org.terraform.structure.pyramid.PyramidStairwayRoomPopulator at 308 55 844 in a room of size 5x5 
[2024-02-17 18:33:51] [INFO   ] Registered: org.terraform.structure.pyramid.PyramidStairwayRoomPopulator at 315 55 845 in a room of size 5x5 
[2024-02-17 18:33:51] [INFO   ] Registered: org.terraform.structure.pyramid.MazeLevelMonsterRoom at 295 55 829 in a room of size 6x5 
[2024-02-17 18:33:51] [INFO   ] Registered: org.terraform.structure.pyramid.PyramidStairwayTopPopulator at 300 55 834 in a room of size 5x5 
[2024-02-17 18:33:51] [INFO   ] Registered: org.terraform.structure.pyramid.PyramidStairwayTopPopulator at 320 55 828 in a room of size 5x5 
[2024-02-17 18:33:51] [INFO   ] Registered: org.terraform.structure.pyramid.MazeLevelMonsterRoom at 309 55 849 in a room of size 6x5 
[2024-02-17 18:33:51] [INFO   ] Registered: org.terraform.structure.pyramid.MazeLevelMonsterRoom at 346 55 845 in a room of size 5x5 
[2024-02-17 18:33:51] [INFO   ] Registered: org.terraform.structure.pyramid.PyramidStairwayTopPopulator at 332 55 808 in a room of size 5x5 
[2024-02-17 18:33:51] [INFO   ] Registered: org.terraform.structure.pyramid.MazeLevelMonsterRoom at 298 55 841 in a room of size 5x5 
[2024-02-17 18:33:51] [INFO   ] Registered: org.terraform.structure.pyramid.PyramidStairwayRoomPopulator at 334 55 823 in a room of size 5x5 
[2024-02-17 18:33:51] [INFO   ] Registered: org.terraform.structure.pyramid.MazeLevelMonsterRoom at 300 55 849 in a room of size 5x5 
[2024-02-17 18:33:51] [INFO   ] Registered: org.terraform.structure.pyramid.MazeLevelMonsterRoom at 313 55 827 in a room of size 5x6 
[2024-02-17 18:33:51] [INFO   ] Registered: org.terraform.structure.pyramid.EnchantmentAntechamber at 304 63 832 in a room of size 10x8 
[2024-02-17 18:33:51] [INFO   ] Registered: org.terraform.structure.pyramid.WarAntechamber at 330 63 847 in a room of size 8x8 
[2024-02-17 18:33:51] [INFO   ] Registered: org.terraform.structure.pyramid.WarAntechamber at 322 63 816 in a room of size 8x9 
[2024-02-17 18:33:51] [INFO   ] Registered: org.terraform.structure.pyramid.PyramidStairwayTopPopulator at 308 63 844 in a room of size 5x5 
[2024-02-17 18:33:51] [INFO   ] Registered: org.terraform.structure.pyramid.TreasureAntechamber at 311 63 816 in a room of size 10x8 
[2024-02-17 18:33:51] [INFO   ] Registered: org.terraform.structure.pyramid.GenericAntechamber at 302 63 841 in a room of size 8x9 
[2024-02-17 18:33:51] [INFO   ] Registered: org.terraform.structure.pyramid.WarAntechamber at 300 63 852 in a room of size 10x9 
[2024-02-17 18:33:51] [INFO   ] Registered: org.terraform.structure.pyramid.ElderGuardianChamber at 320 63 832 in a room of size 20x20 
[2024-02-17 18:33:51] [INFO   ] Registered: org.terraform.structure.pyramid.TreasureAntechamber at 305 63 824 in a room of size 10x7 
[2024-02-17 18:33:51] [INFO   ] Registered: org.terraform.structure.pyramid.WarAntechamber at 333 63 829 in a room of size 7x8 
[2024-02-17 18:33:51] [INFO   ] Registered: org.terraform.structure.pyramid.PyramidStairwayTopPopulator at 334 63 823 in a room of size 5x5 
[2024-02-17 18:33:51] [INFO   ] Registered: org.terraform.structure.pyramid.GenericAntechamber at 337 63 840 in a room of size 9x7 
[2024-02-17 18:33:51] [INFO   ] Registered: org.terraform.structure.pyramid.WarAntechamber at 322 63 846 in a room of size 9x7 
[2024-02-17 18:33:51] [INFO   ] Registered: org.terraform.structure.pyramid.PyramidStairwayTopPopulator at 315 63 845 in a room of size 5x5 
[2024-02-17 18:33:51] [INFO   ] Registered: org.terraform.structure.pyramid.GenericAntechamber at 302 63 812 in a room of size 8x7 
[2024-02-17 18:33:51] [INFO   ] Registered: org.terraform.structure.pyramid.TreasureAntechamber at 333 63 816 in a room of size 9x7 
[2024-02-17 18:33:51] [INFO   ] Registered: org.terraform.structure.pyramid.TreasureAntechamber at 339 63 850 in a room of size 7x8 
[2024-02-17 18:33:51] [INFO   ] Registered: org.terraform.structure.pyramid.WarAntechamber at 312 63 851 in a room of size 7x7 
[2024-02-17 18:33:51] [INFO   ] Registered: org.terraform.structure.pyramid.GenericAntechamber at 340 63 829 in a room of size 7x10 
[2024-02-17 18:33:52] [INFO   ] Generating org.terraform.structure.small.buriedtreasure.BuriedTreasurePopulator at chunk: 26,38 
[2024-02-17 18:33:58] [INFO   ] Registered: org.terraform.structure.mineshaft.ShaftRoomPopulator at 774 -6 1280 in a room of size 14x14 
[2024-02-17 18:33:58] [INFO   ] Registered: org.terraform.structure.mineshaft.ShaftRoomPopulator at 866 -6 1297 in a room of size 15x13 
[2024-02-17 18:33:58] [INFO   ] Registered: org.terraform.structure.mineshaft.SmeltingHallPopulator at 841 -6 1332 in a room of size 14x14 
[2024-02-17 18:33:58] [INFO   ] Registered: org.terraform.structure.mineshaft.SmeltingHallPopulator at 900 -6 1387 in a room of size 15x15 
[2024-02-17 18:33:58] [INFO   ] Registered: org.terraform.structure.mineshaft.ShaftRoomPopulator at 795 -6 1272 in a room of size 15x15 
[2024-02-17 18:33:58] [INFO   ] Registered: org.terraform.structure.mineshaft.SmeltingHallPopulator at 776 -6 1399 in a room of size 14x14 
[2024-02-17 18:33:58] [INFO   ] Registered: org.terraform.structure.mineshaft.CaveSpiderDenPopulator at 774 -6 1369 in a room of size 13x15 
[2024-02-17 18:33:58] [INFO   ] Registered: org.terraform.structure.mineshaft.SmeltingHallPopulator at 881 -6 1345 in a room of size 15x13 
[2024-02-17 18:33:58] [INFO   ] Registered: org.terraform.structure.mineshaft.SmeltingHallPopulator at 761 -6 1279 in a room of size 13x14 
[2024-02-17 18:33:58] [INFO   ] Registered: org.terraform.structure.mineshaft.SmeltingHallPopulator at 892 -6 1414 in a room of size 15x15 
[2024-02-17 18:33:58] [INFO   ] Registered: org.terraform.structure.mineshaft.CaveSpiderDenPopulator at 836 9 1382 in a room of size 15x14 
[2024-02-17 18:33:58] [INFO   ] Registered: org.terraform.structure.mineshaft.CaveSpiderDenPopulator at 876 9 1388 in a room of size 15x14 
[2024-02-17 18:33:58] [INFO   ] Registered: org.terraform.structure.mineshaft.SmeltingHallPopulator at 902 9 1385 in a room of size 14x13 
[2024-02-17 18:33:58] [INFO   ] Registered: org.terraform.structure.mineshaft.ShaftTopPopulator at 774 9 1280 in a room of size 14x6 
[2024-02-17 18:33:58] [INFO   ] Registered: org.terraform.structure.mineshaft.SmeltingHallPopulator at 841 9 1311 in a room of size 13x13 
[2024-02-17 18:33:58] [INFO   ] Registered: org.terraform.structure.mineshaft.ShaftTopPopulator at 795 9 1272 in a room of size 15x7 
[2024-02-17 18:33:58] [INFO   ] Registered: org.terraform.structure.mineshaft.SmeltingHallPopulator at 858 9 1310 in a room of size 15x13 
[2024-02-17 18:33:58] [INFO   ] Registered: org.terraform.structure.mineshaft.SmeltingHallPopulator at 857 9 1363 in a room of size 14x14 
[2024-02-17 18:33:58] [INFO   ] Registered: org.terraform.structure.mineshaft.SmeltingHallPopulator at 796 9 1412 in a room of size 13x13 
[2024-02-17 18:33:58] [INFO   ] Registered: org.terraform.structure.mineshaft.CaveSpiderDenPopulator at 893 9 1295 in a room of size 13x15 
[2024-02-17 18:33:58] [INFO   ] Registered: org.terraform.structure.mineshaft.ShaftTopPopulator at 866 9 1297 in a room of size 15x7 
[2024-02-17 18:33:58] [INFO   ] Registered: org.terraform.structure.mineshaft.SmeltingHallPopulator at 847 9 1325 in a room of size 15x15 
[2024-02-17 18:33:58] [INFO   ] Calculated structure at 32,64 
[2024-02-17 18:36:16] [INFO   ] Vanilla locate for net.minecraft.world.level.levelgen.structure.structures.StrongholdStructure invoked. 
[2024-02-17 18:36:24] [INFO   ] Registered: org.terraform.structure.mineshaft.ShaftRoomPopulator at 1383 20 899 in a room of size 15x15 
[2024-02-17 18:36:24] [INFO   ] Registered: org.terraform.structure.mineshaft.ShaftRoomPopulator at 1418 20 824 in a room of size 15x15 
[2024-02-17 18:36:24] [INFO   ] Registered: org.terraform.structure.mineshaft.SmeltingHallPopulator at 1364 20 848 in a room of size 13x14 
[2024-02-17 18:36:24] [INFO   ] Registered: org.terraform.structure.mineshaft.ShaftRoomPopulator at 1277 20 838 in a room of size 14x13 
[2024-02-17 18:36:24] [INFO   ] Registered: org.terraform.structure.mineshaft.CaveSpiderDenPopulator at 1284 20 867 in a room of size 15x14 
[2024-02-17 18:36:24] [INFO   ] Registered: org.terraform.structure.mineshaft.SmeltingHallPopulator at 1345 20 820 in a room of size 14x15 
[2024-02-17 18:36:24] [INFO   ] Registered: org.terraform.structure.mineshaft.CaveSpiderDenPopulator at 1269 20 769 in a room of size 15x15 
[2024-02-17 18:36:24] [INFO   ] Registered: org.terraform.structure.mineshaft.ShaftRoomPopulator at 1274 20 788 in a room of size 13x15 
[2024-02-17 18:36:24] [INFO   ] Registered: org.terraform.structure.mineshaft.ShaftTopPopulator at 1383 35 899 in a room of size 15x7 
[2024-02-17 18:36:24] [INFO   ] Registered: org.terraform.structure.mineshaft.SmeltingHallPopulator at 1329 35 825 in a room of size 15x13 
[2024-02-17 18:36:24] [INFO   ] Registered: org.terraform.structure.mineshaft.CaveSpiderDenPopulator at 1363 35 895 in a room of size 14x13 
[2024-02-17 18:36:24] [INFO   ] Registered: org.terraform.structure.mineshaft.CaveSpiderDenPopulator at 1303 35 887 in a room of size 15x14 
[2024-02-17 18:36:24] [INFO   ] Registered: org.terraform.structure.mineshaft.CaveSpiderDenPopulator at 1359 35 788 in a room of size 13x13 
[2024-02-17 18:36:24] [INFO   ] Registered: org.terraform.structure.mineshaft.CaveSpiderDenPopulator at 1312 35 838 in a room of size 15x13 
[2024-02-17 18:36:24] [INFO   ] Registered: org.terraform.structure.mineshaft.ShaftTopPopulator at 1274 35 788 in a room of size 13x7 
[2024-02-17 18:36:24] [INFO   ] Registered: org.terraform.structure.mineshaft.ShaftTopPopulator at 1277 35 838 in a room of size 14x7 
[2024-02-17 18:36:24] [INFO   ] Registered: org.terraform.structure.mineshaft.SmeltingHallPopulator at 1277 35 811 in a room of size 13x15 
[2024-02-17 18:36:24] [INFO   ] Registered: org.terraform.structure.mineshaft.CaveSpiderDenPopulator at 1414 35 890 in a room of size 15x15 
[2024-02-17 18:36:24] [INFO   ] Registered: org.terraform.structure.mineshaft.SmeltingHallPopulator at 1295 35 836 in a room of size 13x14 
[2024-02-17 18:36:24] [INFO   ] Registered: org.terraform.structure.mineshaft.ShaftTopPopulator at 1418 35 824 in a room of size 15x7 
[2024-02-17 18:36:24] [INFO   ] Calculated structure at 65,57 
[2024-02-17 18:36:24] [INFO   ] Generating Stronghold at chunk: 65,58 
[2024-02-17 18:36:27] [INFO   ] Registered: org.terraform.structure.stronghold.HallwayPopulator at 1098 21 897 in a room of size 23x13 
[2024-02-17 18:36:27] [INFO   ] Registered: org.terraform.structure.stronghold.SupplyRoomPopulator at 1100 21 956 in a room of size 14x15 
[2024-02-17 18:36:27] [INFO   ] Registered: org.terraform.structure.stronghold.SupplyRoomPopulator at 1023 21 894 in a room of size 12x21 
[2024-02-17 18:36:27] [INFO   ] Registered: org.terraform.structure.stronghold.HallwayPopulator at 1031 21 977 in a room of size 27x27 
[2024-02-17 18:36:27] [INFO   ] Registered: org.terraform.structure.stronghold.PrisonRoomPopulator at 1003 21 900 in a room of size 25x16 
[2024-02-17 18:36:27] [INFO   ] Registered: org.terraform.structure.stronghold.HallwayPopulator at 1050 21 943 in a room of size 29x30 
[2024-02-17 18:36:27] [INFO   ] Registered: org.terraform.structure.stronghold.PrisonRoomPopulator at 1009 21 928 in a room of size 25x23 
[2024-02-17 18:36:27] [INFO   ] Registered: org.terraform.structure.stronghold.NetherPortalRoomPopulator at 1050 21 907 in a room of size 27x17 
[2024-02-17 18:36:27] [INFO   ] Registered: org.terraform.structure.stronghold.SupplyRoomPopulator at 1029 21 931 in a room of size 11x13 
[2024-02-17 18:36:27] [INFO   ] Registered: org.terraform.structure.stronghold.PortalRoomPopulator at 1098 21 927 in a room of size 25x25 
[2024-02-17 18:36:27] [INFO   ] Registered: org.terraform.structure.stronghold.PrisonRoomPopulator at 1002 21 975 in a room of size 21x28 
[2024-02-17 18:36:27] [INFO   ] Registered: org.terraform.structure.stronghold.HallwayPopulator at 1078 21 942 in a room of size 11x19 
[2024-02-17 18:36:27] [INFO   ] Registered: org.terraform.structure.stronghold.StairwayRoomPopulator at 1029 21 957 in a room of size 5x5 
[2024-02-17 18:36:27] [INFO   ] Registered: org.terraform.structure.stronghold.HallwayPopulator at 1085 21 975 in a room of size 21x19 
[2024-02-17 18:36:27] [INFO   ] Registered: org.terraform.structure.stronghold.HallwayPopulator at 1076 21 893 in a room of size 11x21 
[2024-02-17 18:36:27] [INFO   ] Registered: org.terraform.structure.stronghold.HallwayPopulator at 1059 21 985 in a room of size 18x14 
[2024-02-17 18:36:28] [INFO   ] Registered: org.terraform.structure.stronghold.HallwayPopulator at 1002 39 888 in a room of size 21x14 
[2024-02-17 18:36:28] [INFO   ] Registered: org.terraform.structure.stronghold.HallwayPopulator at 1071 39 965 in a room of size 11x22 
[2024-02-17 18:36:28] [INFO   ] Registered: org.terraform.structure.stronghold.HallwayPopulator at 1078 39 889 in a room of size 14x21 
[2024-02-17 18:36:28] [INFO   ] Registered: org.terraform.structure.stronghold.PrisonRoomPopulator at 1026 39 975 in a room of size 21x20 
[2024-02-17 18:36:28] [INFO   ] Registered: org.terraform.structure.stronghold.PrisonRoomPopulator at 1087 39 930 in a room of size 20x18 
[2024-02-17 18:36:28] [INFO   ] Registered: org.terraform.structure.stronghold.HallwayPopulator at 1037 39 945 in a room of size 10x21 
[2024-02-17 18:36:28] [INFO   ] Registered: org.terraform.structure.stronghold.LibraryRoomPopulator at 1048 39 907 in a room of size 27x29 
[2024-02-17 18:36:28] [INFO   ] Registered: org.terraform.structure.stronghold.StairwayTopPopulator at 1029 39 957 in a room of size 5x5 
[2024-02-17 18:36:28] [INFO   ] Registered: org.terraform.structure.stronghold.HallwayPopulator at 1097 39 904 in a room of size 12x23 
[2024-02-17 18:36:28] [INFO   ] Registered: org.terraform.structure.stronghold.PrisonRoomPopulator at 1020 39 935 in a room of size 19x16 
[2024-02-17 18:36:28] [INFO   ] Registered: org.terraform.structure.stronghold.HallwayPopulator at 1019 39 890 in a room of size 14x29 
[2024-02-17 18:36:28] [INFO   ] Registered: org.terraform.structure.stronghold.PrisonRoomPopulator at 1057 39 942 in a room of size 24x22 
[2024-02-17 18:36:28] [INFO   ] Registered: org.terraform.structure.stronghold.PrisonRoomPopulator at 1088 39 969 in a room of size 19x25 
[2024-02-17 18:36:28] [INFO   ] Registered: org.terraform.structure.stronghold.SilverfishDenPopulator at 1056 39 965 in a room of size 13x18 
[2024-02-17 18:36:28] [INFO   ] Registered: org.terraform.structure.stronghold.TrapChestRoomPopulator at 1071 39 911 in a room of size 15x15 
[2024-02-17 18:36:28] [INFO   ] Registered: org.terraform.structure.stronghold.SupplyRoomPopulator at 1002 39 936 in a room of size 18x10 
[2024-02-17 18:36:28] [INFO   ] Registered: org.terraform.structure.stronghold.HallwayPopulator at 1011 39 948 in a room of size 20x11 
[2024-02-17 18:36:40] [INFO   ] Generating org.terraform.structure.small.dungeon.SmallDungeonPopulator at chunk: 54,73 
[2024-02-17 18:36:40] [INFO   ] Spawning Underground Dungeon at 875,34,1180 
[2024-02-17 18:36:40] [INFO   ] Minecart with chest at: 1272, 35, 814 
[2024-02-17 18:36:44] [INFO   ] Generating org.terraform.structure.village.VillagePopulator at chunk: 52,52 
[2024-02-17 18:36:44] [INFO   ] Spawning plains village at 832,50,832 
[2024-02-17 18:36:45] [INFO   ] Registered: org.terraform.structure.village.plains.PlainsVillageStandardHousePopulator at 873 0 839 in a room of size 20x18 
[2024-02-17 18:36:45] [INFO   ] Registered: org.terraform.structure.village.plains.PlainsVillageForgePopulator at 830 0 856 in a room of size 19x18 
[2024-02-17 18:36:45] [INFO   ] Registered: org.terraform.structure.village.plains.PlainsVillageTownhallPopulator at 831 60 832 in a room of size 24x24 
[2024-02-17 18:36:45] [INFO   ] Spawning farmhouse at 831,64,832 with rotation of SOUTH 
[2024-02-17 18:36:45] [INFO   ] Registered: org.terraform.structure.village.plains.PlainsVillageTemplePopulator at 811 0 855 in a room of size 19x16 
[2024-02-17 18:36:45] [INFO   ] Registered: org.terraform.structure.village.plains.PlainsVillageCropFarmPopulator at 852 0 834 in a room of size 17x19 
[2024-02-17 18:36:45] [INFO   ] Registered: org.terraform.structure.village.plains.PlainsVillageAnimalPenPopulator at 849 0 855 in a room of size 16x16 
[2024-02-17 18:36:45] [INFO   ] Registered: org.terraform.structure.village.plains.PlainsVillageStandardHousePopulator at 873 0 821 in a room of size 20x18 
[2024-02-17 18:37:02] [INFO   ] Minecart with chest at: 1291, 35, 837 
[2024-02-17 18:37:03] [INFO   ] Minecart with chest at: 1311, 35, 894 
[2024-02-17 18:37:03] [INFO   ] Minecart with chest at: 1311, 35, 804 
[2024-02-17 18:37:03] [INFO   ] Minecart with chest at: 1311, 35, 788 
